<?xml version="1.0" encoding="UTF-8"?>
<testng-results ignored="0" total="2" passed="2" failed="0" skipped="0">
  <reporter-output>
  </reporter-output>
  <suite started-at="2023-03-27T00:16:14 IDT" name="Default suite" finished-at="2023-03-27T00:16:28 IDT" duration-ms="14199">
    <groups>
    </groups>
    <test started-at="2023-03-27T00:16:14 IDT" name="Default test" finished-at="2023-03-27T00:16:28 IDT" duration-ms="14199">
      <class name="Eitab__Keis.TesntNet.HtmlTablesTest">
        <test-method is-config="true" signature="setup()[pri:0, instance:Eitab__Keis.TesntNet.HtmlTablesTest@7c7b252e]" started-at="2023-03-27T00:16:14 IDT" name="setup" finished-at="2023-03-27T00:16:27 IDT" duration-ms="13940" status="PASS">
          <reporter-output>
          </reporter-output>
        </test-method> <!-- setup -->
        <test-method signature="testGetTableCellText()[pri:0, instance:Eitab__Keis.TesntNet.HtmlTablesTest@7c7b252e]" started-at="2023-03-27T00:16:28 IDT" name="testGetTableCellText" finished-at="2023-03-27T00:16:28 IDT" duration-ms="123" status="PASS">
          <reporter-output>
          </reporter-output>
        </test-method> <!-- testGetTableCellText -->
        <test-method signature="testVerifyTableCellText()[pri:0, instance:Eitab__Keis.TesntNet.HtmlTablesTest@7c7b252e]" started-at="2023-03-27T00:16:28 IDT" name="testVerifyTableCellText" finished-at="2023-03-27T00:16:28 IDT" duration-ms="96" status="PASS">
          <reporter-output>
          </reporter-output>
        </test-method> <!-- testVerifyTableCellText -->
      </class> <!-- Eitab__Keis.TesntNet.HtmlTablesTest -->
    </test> <!-- Default test -->
  </suite> <!-- Default suite -->
</testng-results>
